2026-07-04 13:17:11  LogType.StateChange:    entre
2026-07-04 13:17:11  LogType.Entre:    Succeed to entre
2026-07-04 13:17:11  LogType.StateChange:    idle
2026-07-04 13:17:12  LogType.StateChange:    stroke
2026-07-04 13:17:15  LogType.StateChange:    after-stroke
2026-07-04 13:17:15  LogType.StateChange:    idle
2026-07-04 13:17:17  LogType.StateChange:    after-stroke
2026-07-04 13:17:17  LogType.StateChange:    idle
2026-07-04 13:18:11  LogType.StateChange:    entre
2026-07-04 13:18:11  LogType.Entre:    Succeed to entre
2026-07-04 13:18:11  LogType.StateChange:    idle
2026-07-04 13:18:12  LogType.StateChange:    stroke
2026-07-04 13:18:14  LogType.StateChange:    after-stroke
2026-07-04 13:18:14  LogType.StateChange:    idle
2026-07-04 13:18:15  LogType.StateChange:    after-stroke
2026-07-04 13:18:15  LogType.StateChange:    idle
2026-07-04 13:18:24  LogType.Set:    Data is updated
2026-07-04 13:18:28  LogType.StateChange:    stroke
2026-07-04 13:18:29  LogType.StateChange:    after-stroke
2026-07-04 13:18:29  LogType.StateChange:    idle
2026-07-04 13:18:35  LogType.Set:    Data is updated
2026-07-04 13:18:36  LogType.StateChange:    stroke
2026-07-04 13:18:38  LogType.StateChange:    after-stroke
2026-07-04 13:18:38  LogType.StateChange:    idle
2026-07-04 13:18:45  LogType.Set:    Data is updated
2026-07-04 13:18:47  LogType.StateChange:    stroke
2026-07-04 13:18:49  LogType.StateChange:    after-stroke
2026-07-04 13:18:49  LogType.StateChange:    idle
2026-07-04 13:18:53  LogType.Set:    Data is updated
2026-07-04 13:18:54  LogType.StateChange:    exit
2026-07-04 13:36:27  LogType.StateChange:    entre
2026-07-04 13:36:27  LogType.Entre:    Succeed to entre
2026-07-04 13:36:27  LogType.StateChange:    idle
2026-07-04 13:36:28  LogType.StateChange:    drag
2026-07-04 13:36:29  LogType.StateChange:    idle
2026-07-04 13:36:29  LogType.StateChange:    drag
2026-07-04 13:36:29  LogType.StateChange:    idle
2026-07-04 13:36:29  LogType.StateChange:    drag
2026-07-04 13:36:29  LogType.StateChange:    idle
2026-07-04 13:36:29  LogType.StateChange:    drag
2026-07-04 13:36:29  LogType.StateChange:    idle
2026-07-04 13:36:34  LogType.StateChange:    drag
2026-07-04 13:36:35  LogType.StateChange:    idle
2026-07-04 13:36:37  LogType.StateChange:    drag
2026-07-04 13:36:37  LogType.StateChange:    idle
2026-07-04 13:36:38  LogType.StateChange:    drag
2026-07-04 13:36:38  LogType.StateChange:    idle
2026-07-04 13:36:38  LogType.StateChange:    drag
2026-07-04 13:36:38  LogType.StateChange:    idle
2026-07-04 13:36:39  LogType.StateChange:    drag
2026-07-04 13:36:39  LogType.StateChange:    idle
2026-07-04 13:36:39  LogType.StateChange:    drag
2026-07-04 13:36:39  LogType.StateChange:    idle
2026-07-04 13:36:40  LogType.StateChange:    drag
2026-07-04 13:36:40  LogType.StateChange:    idle
2026-07-04 13:43:39  LogType.StateChange:    entre
2026-07-04 13:43:39  LogType.Entre:    Succeed to entre
2026-07-04 13:43:39  LogType.StateChange:    idle
2026-07-04 14:17:56  LogType.StateChange:    entre
2026-07-04 14:17:56  LogType.Entre:    Succeed to entre
2026-07-04 14:17:56  LogType.StateChange:    idle
2026-07-04 14:18:06  LogType.StateChange:    idle
2026-07-04 14:18:16  LogType.StateChange:    idle
2026-07-04 14:19:06  LogType.StateChange:    entre
2026-07-04 14:19:06  LogType.Entre:    Succeed to entre
2026-07-04 14:19:06  LogType.StateChange:    idle
2026-07-04 14:19:16  LogType.StateChange:    idle
2026-07-04 14:26:30  LogType.StateChange:    entre
2026-07-04 14:26:30  LogType.Entre:    Succeed to entre
2026-07-04 14:26:30  LogType.StateChange:    idle
2026-07-04 14:26:40  LogType.StateChange:    idle
2026-07-04 14:29:55  LogType.StateChange:    entre
2026-07-04 14:29:55  LogType.Entre:    Succeed to entre
2026-07-04 14:29:55  LogType.StateChange:    idle
2026-07-04 14:30:05  LogType.StateChange:    idle
2026-07-04 14:30:17  LogType.StateChange:    entre
2026-07-04 14:30:17  LogType.Entre:    Succeed to entre
2026-07-04 14:30:17  LogType.StateChange:    idle
2026-07-04 14:30:27  LogType.StateChange:    idle
2026-07-04 14:30:30  LogType.StateChange:    entre
2026-07-04 14:30:30  LogType.Entre:    Succeed to entre
2026-07-04 14:30:30  LogType.StateChange:    idle
2026-07-04 14:30:40  LogType.StateChange:    idle
2026-07-04 14:30:50  LogType.StateChange:    idle
2026-07-04 14:30:53  LogType.Set:    Data is updated
2026-07-04 14:31:00  LogType.StateChange:    idle
2026-07-04 14:31:10  LogType.StateChange:    idle
2026-07-04 14:31:20  LogType.StateChange:    idle
2026-07-04 14:31:33  LogType.StateChange:    entre
2026-07-04 14:31:33  LogType.Entre:    Succeed to entre
2026-07-04 14:31:33  LogType.StateChange:    idle
2026-07-04 14:31:43  LogType.StateChange:    idle
2026-07-04 14:33:46  LogType.StateChange:    entre
2026-07-04 14:33:46  LogType.Entre:    Succeed to entre
2026-07-04 14:33:46  LogType.StateChange:    idle
2026-07-04 14:34:07  LogType.StateChange:    entre
2026-07-04 14:34:07  LogType.Entre:    Succeed to entre
2026-07-04 14:34:07  LogType.StateChange:    idle
2026-07-04 14:34:14  LogType.Set:    Data is updated
2026-07-04 14:34:17  LogType.StateChange:    idle
2026-07-04 14:34:27  LogType.StateChange:    idle
2026-07-04 14:34:51  LogType.StateChange:    entre
2026-07-04 14:34:51  LogType.Entre:    Succeed to entre
2026-07-04 14:34:51  LogType.StateChange:    idle
2026-07-04 14:35:01  LogType.StateChange:    idle
2026-07-04 14:35:11  LogType.StateChange:    idle
2026-07-04 14:35:21  LogType.StateChange:    idle
2026-07-04 14:35:31  LogType.StateChange:    idle
2026-07-04 14:35:41  LogType.StateChange:    idle
2026-07-04 14:35:51  LogType.StateChange:    idle
2026-07-04 14:37:17  LogType.StateChange:    entre
2026-07-04 14:37:17  LogType.Entre:    Succeed to entre
2026-07-04 14:37:17  LogType.StateChange:    idle
2026-07-04 14:37:27  LogType.StateChange:    idle
2026-07-04 14:37:37  LogType.StateChange:    idle
2026-07-04 14:37:47  LogType.StateChange:    idle
2026-07-04 14:37:57  LogType.StateChange:    idle
2026-07-04 14:38:07  LogType.StateChange:    idle
2026-07-04 14:38:17  LogType.StateChange:    idle
2026-07-04 14:38:27  LogType.StateChange:    idle
2026-07-04 14:38:31  LogType.StateChange:    entre
2026-07-04 14:38:31  LogType.Entre:    Succeed to entre
2026-07-04 14:38:31  LogType.StateChange:    idle
2026-07-04 14:38:41  LogType.StateChange:    idle
2026-07-04 14:38:46  LogType.Set:    Data is updated
2026-07-04 14:38:51  LogType.StateChange:    idle
2026-07-04 14:39:01  LogType.StateChange:    idle
2026-07-04 14:49:36  LogType.StateChange:    entre
2026-07-04 14:49:36  LogType.Entre:    Succeed to entre
2026-07-04 14:49:36  LogType.StateChange:    idle
2026-07-04 14:49:46  LogType.StateChange:    idle
2026-07-04 14:49:56  LogType.StateChange:    idle
